2019-06-06 17:22:46.552  INFO 14370 --- [restartedMain] com.example.demo.DemoApplication         : Starting DemoApplication on zhangtao with PID 14370 (/home/zhangt/workspace/JavaWorkspace/mybatisSpringBootStarterDemo/target/classes started by zhangt in /home/zhangt/workspace/JavaWorkspace/mybatisSpringBootStarterDemo)
2019-06-06 17:22:46.562  INFO 14370 --- [restartedMain] com.example.demo.DemoApplication         : No active profile set, falling back to default profiles: default
2019-06-06 17:22:46.701  INFO 14370 --- [restartedMain] ConfigServletWebServerApplicationContext : Refreshing org.springframework.boot.web.servlet.context.AnnotationConfigServletWebServerApplicationContext@2dc71406: startup date [Thu Jun 06 17:22:46 CST 2019]; root of context hierarchy
2019-06-06 17:22:49.467  INFO 14370 --- [restartedMain] o.s.b.w.embedded.tomcat.TomcatWebServer  : Tomcat initialized with port(s): 8080 (http)
2019-06-06 17:22:49.510  INFO 14370 --- [restartedMain] o.apache.catalina.core.StandardService   : Starting service [Tomcat]
2019-06-06 17:22:49.512  INFO 14370 --- [restartedMain] org.apache.catalina.core.StandardEngine  : Starting Servlet Engine: Apache Tomcat/8.5.34
2019-06-06 17:22:49.528  INFO 14370 --- [localhost-startStop-1] o.a.catalina.core.AprLifecycleListener   : The APR based Apache Tomcat Native library which allows optimal performance in production environments was not found on the java.library.path: [/usr/java/packages/lib/amd64:/usr/lib64:/lib64:/lib:/usr/lib]
2019-06-06 17:22:49.884  INFO 14370 --- [localhost-startStop-1] org.apache.jasper.servlet.TldScanner     : At least one JAR was scanned for TLDs yet contained no TLDs. Enable debug logging for this logger for a complete list of JARs that were scanned but no TLDs were found in them. Skipping unneeded JARs during scanning can improve startup time and JSP compilation time.
2019-06-06 17:22:49.890  INFO 14370 --- [localhost-startStop-1] o.a.c.c.C.[Tomcat].[localhost].[/]       : Initializing Spring embedded WebApplicationContext
2019-06-06 17:22:49.891  INFO 14370 --- [localhost-startStop-1] o.s.web.context.ContextLoader            : Root WebApplicationContext: initialization completed in 3190 ms
2019-06-06 17:22:50.063  INFO 14370 --- [localhost-startStop-1] o.s.b.w.servlet.ServletRegistrationBean  : Servlet dispatcherServlet mapped to [/]
2019-06-06 17:22:50.068  INFO 14370 --- [localhost-startStop-1] o.s.b.w.servlet.FilterRegistrationBean   : Mapping filter: 'characterEncodingFilter' to: [/*]
2019-06-06 17:22:50.068  INFO 14370 --- [localhost-startStop-1] o.s.b.w.servlet.FilterRegistrationBean   : Mapping filter: 'hiddenHttpMethodFilter' to: [/*]
2019-06-06 17:22:50.069  INFO 14370 --- [localhost-startStop-1] o.s.b.w.servlet.FilterRegistrationBean   : Mapping filter: 'httpPutFormContentFilter' to: [/*]
2019-06-06 17:22:50.069  INFO 14370 --- [localhost-startStop-1] o.s.b.w.servlet.FilterRegistrationBean   : Mapping filter: 'requestContextFilter' to: [/*]
2019-06-06 17:22:50.505  INFO 14370 --- [restartedMain] o.s.w.s.handler.SimpleUrlHandlerMapping  : Mapped URL path [/**/favicon.ico] onto handler of type [class org.springframework.web.servlet.resource.ResourceHttpRequestHandler]
2019-06-06 17:22:50.785  INFO 14370 --- [restartedMain] s.w.s.m.m.a.RequestMappingHandlerAdapter : Looking for @ControllerAdvice: org.springframework.boot.web.servlet.context.AnnotationConfigServletWebServerApplicationContext@2dc71406: startup date [Thu Jun 06 17:22:46 CST 2019]; root of context hierarchy
2019-06-06 17:22:50.893  INFO 14370 --- [restartedMain] s.w.s.m.m.a.RequestMappingHandlerMapping : Mapped "{[/custom]}" onto java.lang.String com.example.demo.controller.SampleController.custom()
2019-06-06 17:22:50.895  INFO 14370 --- [restartedMain] s.w.s.m.m.a.RequestMappingHandlerMapping : Mapped "{[/test/{username}]}" onto org.springframework.web.servlet.ModelAndView com.example.demo.controller.SampleController.home(java.lang.String)
2019-06-06 17:22:50.896  INFO 14370 --- [restartedMain] s.w.s.m.m.a.RequestMappingHandlerMapping : Mapped "{[/wel]}" onto java.lang.String com.example.demo.controller.SampleController.welcome()
2019-06-06 17:22:50.897  INFO 14370 --- [restartedMain] s.w.s.m.m.a.RequestMappingHandlerMapping : Mapped "{[/random]}" onto java.lang.String com.example.demo.controller.SampleController.random()
2019-06-06 17:22:50.898  INFO 14370 --- [restartedMain] s.w.s.m.m.a.RequestMappingHandlerMapping : Mapped "{[/users]}" onto public org.springframework.web.servlet.ModelAndView com.example.demo.controller.UserController.showUsers()
2019-06-06 17:22:50.902  INFO 14370 --- [restartedMain] s.w.s.m.m.a.RequestMappingHandlerMapping : Mapped "{[/error],produces=[text/html]}" onto public org.springframework.web.servlet.ModelAndView org.springframework.boot.autoconfigure.web.servlet.error.BasicErrorController.errorHtml(javax.servlet.http.HttpServletRequest,javax.servlet.http.HttpServletResponse)
2019-06-06 17:22:50.902  INFO 14370 --- [restartedMain] s.w.s.m.m.a.RequestMappingHandlerMapping : Mapped "{[/error]}" onto public org.springframework.http.ResponseEntity<java.util.Map<java.lang.String, java.lang.Object>> org.springframework.boot.autoconfigure.web.servlet.error.BasicErrorController.error(javax.servlet.http.HttpServletRequest)
2019-06-06 17:22:50.936  INFO 14370 --- [restartedMain] o.s.w.s.handler.SimpleUrlHandlerMapping  : Mapped URL path [/webjars/**] onto handler of type [class org.springframework.web.servlet.resource.ResourceHttpRequestHandler]
2019-06-06 17:22:50.937  INFO 14370 --- [restartedMain] o.s.w.s.handler.SimpleUrlHandlerMapping  : Mapped URL path [/**] onto handler of type [class org.springframework.web.servlet.resource.ResourceHttpRequestHandler]
2019-06-06 17:22:51.017  INFO 14370 --- [restartedMain] o.s.b.a.w.s.WelcomePageHandlerMapping    : Adding welcome page template: index
2019-06-06 17:22:51.303  INFO 14370 --- [restartedMain] o.s.b.d.a.OptionalLiveReloadServer       : LiveReload server is running on port 35729
2019-06-06 17:22:51.349  INFO 14370 --- [restartedMain] o.s.j.e.a.AnnotationMBeanExporter        : Registering beans for JMX exposure on startup
2019-06-06 17:22:51.352  INFO 14370 --- [restartedMain] o.s.j.e.a.AnnotationMBeanExporter        : Bean with name 'dataSource' has been autodetected for JMX exposure
2019-06-06 17:22:51.359  INFO 14370 --- [restartedMain] o.s.j.e.a.AnnotationMBeanExporter        : Located MBean 'dataSource': registering with JMX server as MBean [com.zaxxer.hikari:name=dataSource,type=HikariDataSource]
2019-06-06 17:22:51.423  INFO 14370 --- [restartedMain] o.s.b.w.embedded.tomcat.TomcatWebServer  : Tomcat started on port(s): 8080 (http) with context path ''
2019-06-06 17:22:51.432  INFO 14370 --- [restartedMain] com.example.demo.DemoApplication         : Started DemoApplication in 5.621 seconds (JVM running for 6.498)
2019-06-06 17:22:58.838  INFO 14370 --- [http-nio-8080-exec-1] o.a.c.c.C.[Tomcat].[localhost].[/]       : Initializing Spring FrameworkServlet 'dispatcherServlet'
2019-06-06 17:22:58.838  INFO 14370 --- [http-nio-8080-exec-1] o.s.web.servlet.DispatcherServlet        : FrameworkServlet 'dispatcherServlet': initialization started
2019-06-06 17:22:58.855  INFO 14370 --- [http-nio-8080-exec-1] o.s.web.servlet.DispatcherServlet        : FrameworkServlet 'dispatcherServlet': initialization completed in 17 ms
2019-06-06 17:23:35.716  INFO 14370 --- [Thread-6] ConfigServletWebServerApplicationContext : Closing org.springframework.boot.web.servlet.context.AnnotationConfigServletWebServerApplicationContext@2dc71406: startup date [Thu Jun 06 17:22:46 CST 2019]; root of context hierarchy
2019-06-06 17:23:35.720  INFO 14370 --- [Thread-6] o.s.j.e.a.AnnotationMBeanExporter        : Unregistering JMX-exposed beans on shutdown
2019-06-06 17:23:35.722  INFO 14370 --- [Thread-6] o.s.j.e.a.AnnotationMBeanExporter        : Unregistering JMX-exposed beans
2019-06-06 17:23:36.053  INFO 14370 --- [restartedMain] com.example.demo.DemoApplication         : Starting DemoApplication on zhangtao with PID 14370 (/home/zhangt/workspace/JavaWorkspace/mybatisSpringBootStarterDemo/target/classes started by zhangt in /home/zhangt/workspace/JavaWorkspace/mybatisSpringBootStarterDemo)
2019-06-06 17:23:36.054  INFO 14370 --- [restartedMain] com.example.demo.DemoApplication         : No active profile set, falling back to default profiles: default
2019-06-06 17:23:36.077  INFO 14370 --- [restartedMain] ConfigServletWebServerApplicationContext : Refreshing org.springframework.boot.web.servlet.context.AnnotationConfigServletWebServerApplicationContext@7927fdd2: startup date [Thu Jun 06 17:23:36 CST 2019]; root of context hierarchy
2019-06-06 17:23:36.593  INFO 14370 --- [restartedMain] o.s.b.w.embedded.tomcat.TomcatWebServer  : Tomcat initialized with port(s): 8080 (http)
2019-06-06 17:23:36.595  INFO 14370 --- [restartedMain] o.apache.catalina.core.StandardService   : Starting service [Tomcat]
2019-06-06 17:23:36.596  INFO 14370 --- [restartedMain] org.apache.catalina.core.StandardEngine  : Starting Servlet Engine: Apache Tomcat/8.5.34
2019-06-06 17:23:36.762  INFO 14370 --- [localhost-startStop-1] org.apache.jasper.servlet.TldScanner     : At least one JAR was scanned for TLDs yet contained no TLDs. Enable debug logging for this logger for a complete list of JARs that were scanned but no TLDs were found in them. Skipping unneeded JARs during scanning can improve startup time and JSP compilation time.
2019-06-06 17:23:36.764  INFO 14370 --- [localhost-startStop-1] o.a.c.c.C.[Tomcat].[localhost].[/]       : Initializing Spring embedded WebApplicationContext
2019-06-06 17:23:36.764  INFO 14370 --- [localhost-startStop-1] o.s.web.context.ContextLoader            : Root WebApplicationContext: initialization completed in 693 ms
2019-06-06 17:23:36.776  INFO 14370 --- [localhost-startStop-1] o.s.b.w.servlet.ServletRegistrationBean  : Servlet dispatcherServlet mapped to [/]
2019-06-06 17:23:36.777  INFO 14370 --- [localhost-startStop-1] o.s.b.w.servlet.FilterRegistrationBean   : Mapping filter: 'characterEncodingFilter' to: [/*]
2019-06-06 17:23:36.777  INFO 14370 --- [localhost-startStop-1] o.s.b.w.servlet.FilterRegistrationBean   : Mapping filter: 'hiddenHttpMethodFilter' to: [/*]
2019-06-06 17:23:36.777  INFO 14370 --- [localhost-startStop-1] o.s.b.w.servlet.FilterRegistrationBean   : Mapping filter: 'httpPutFormContentFilter' to: [/*]
2019-06-06 17:23:36.777  INFO 14370 --- [localhost-startStop-1] o.s.b.w.servlet.FilterRegistrationBean   : Mapping filter: 'requestContextFilter' to: [/*]
2019-06-06 17:23:36.870  INFO 14370 --- [restartedMain] o.s.w.s.handler.SimpleUrlHandlerMapping  : Mapped URL path [/**/favicon.ico] onto handler of type [class org.springframework.web.servlet.resource.ResourceHttpRequestHandler]
2019-06-06 17:23:36.915  INFO 14370 --- [restartedMain] s.w.s.m.m.a.RequestMappingHandlerAdapter : Looking for @ControllerAdvice: org.springframework.boot.web.servlet.context.AnnotationConfigServletWebServerApplicationContext@7927fdd2: startup date [Thu Jun 06 17:23:36 CST 2019]; root of context hierarchy
2019-06-06 17:23:36.925  INFO 14370 --- [restartedMain] s.w.s.m.m.a.RequestMappingHandlerMapping : Mapped "{[/custom]}" onto java.lang.String com.example.demo.controller.SampleController.custom()
2019-06-06 17:23:36.926  INFO 14370 --- [restartedMain] s.w.s.m.m.a.RequestMappingHandlerMapping : Mapped "{[/test/{username}/{password}]}" onto org.springframework.web.servlet.ModelAndView com.example.demo.controller.SampleController.home(java.lang.String)
2019-06-06 17:23:36.926  INFO 14370 --- [restartedMain] s.w.s.m.m.a.RequestMappingHandlerMapping : Mapped "{[/wel]}" onto java.lang.String com.example.demo.controller.SampleController.welcome()
2019-06-06 17:23:36.927  INFO 14370 --- [restartedMain] s.w.s.m.m.a.RequestMappingHandlerMapping : Mapped "{[/random]}" onto java.lang.String com.example.demo.controller.SampleController.random()
2019-06-06 17:23:36.928  INFO 14370 --- [restartedMain] s.w.s.m.m.a.RequestMappingHandlerMapping : Mapped "{[/users]}" onto public org.springframework.web.servlet.ModelAndView com.example.demo.controller.UserController.showUsers()
2019-06-06 17:23:36.932  INFO 14370 --- [restartedMain] s.w.s.m.m.a.RequestMappingHandlerMapping : Mapped "{[/error],produces=[text/html]}" onto public org.springframework.web.servlet.ModelAndView org.springframework.boot.autoconfigure.web.servlet.error.BasicErrorController.errorHtml(javax.servlet.http.HttpServletRequest,javax.servlet.http.HttpServletResponse)
2019-06-06 17:23:36.933  INFO 14370 --- [restartedMain] s.w.s.m.m.a.RequestMappingHandlerMapping : Mapped "{[/error]}" onto public org.springframework.http.ResponseEntity<java.util.Map<java.lang.String, java.lang.Object>> org.springframework.boot.autoconfigure.web.servlet.error.BasicErrorController.error(javax.servlet.http.HttpServletRequest)
2019-06-06 17:23:36.942  INFO 14370 --- [restartedMain] o.s.w.s.handler.SimpleUrlHandlerMapping  : Mapped URL path [/webjars/**] onto handler of type [class org.springframework.web.servlet.resource.ResourceHttpRequestHandler]
2019-06-06 17:23:36.942  INFO 14370 --- [restartedMain] o.s.w.s.handler.SimpleUrlHandlerMapping  : Mapped URL path [/**] onto handler of type [class org.springframework.web.servlet.resource.ResourceHttpRequestHandler]
2019-06-06 17:23:36.956  INFO 14370 --- [restartedMain] o.s.b.a.w.s.WelcomePageHandlerMapping    : Adding welcome page template: index
2019-06-06 17:23:36.993  INFO 14370 --- [restartedMain] o.s.b.d.a.OptionalLiveReloadServer       : LiveReload server is running on port 35729
2019-06-06 17:23:37.005  INFO 14370 --- [restartedMain] o.s.j.e.a.AnnotationMBeanExporter        : Registering beans for JMX exposure on startup
2019-06-06 17:23:37.006  INFO 14370 --- [restartedMain] o.s.j.e.a.AnnotationMBeanExporter        : Bean with name 'dataSource' has been autodetected for JMX exposure
2019-06-06 17:23:37.009  INFO 14370 --- [restartedMain] o.s.j.e.a.AnnotationMBeanExporter        : Located MBean 'dataSource': registering with JMX server as MBean [com.zaxxer.hikari:name=dataSource,type=HikariDataSource]
2019-06-06 17:23:37.026  INFO 14370 --- [restartedMain] o.s.b.w.embedded.tomcat.TomcatWebServer  : Tomcat started on port(s): 8080 (http) with context path ''
2019-06-06 17:23:37.027  INFO 14370 --- [restartedMain] com.example.demo.DemoApplication         : Started DemoApplication in 1.13 seconds (JVM running for 52.093)
2019-06-06 17:23:37.030  INFO 14370 --- [restartedMain] .ConditionEvaluationDeltaLoggingListener : Condition evaluation unchanged
2019-06-06 17:23:47.403  INFO 14370 --- [Thread-10] ConfigServletWebServerApplicationContext : Closing org.springframework.boot.web.servlet.context.AnnotationConfigServletWebServerApplicationContext@7927fdd2: startup date [Thu Jun 06 17:23:36 CST 2019]; root of context hierarchy
2019-06-06 17:23:47.407  INFO 14370 --- [Thread-10] o.s.j.e.a.AnnotationMBeanExporter        : Unregistering JMX-exposed beans on shutdown
2019-06-06 17:23:47.413  INFO 14370 --- [Thread-10] o.s.j.e.a.AnnotationMBeanExporter        : Unregistering JMX-exposed beans
2019-06-06 17:23:47.620  INFO 14370 --- [restartedMain] com.example.demo.DemoApplication         : Starting DemoApplication on zhangtao with PID 14370 (/home/zhangt/workspace/JavaWorkspace/mybatisSpringBootStarterDemo/target/classes started by zhangt in /home/zhangt/workspace/JavaWorkspace/mybatisSpringBootStarterDemo)
2019-06-06 17:23:47.621  INFO 14370 --- [restartedMain] com.example.demo.DemoApplication         : No active profile set, falling back to default profiles: default
2019-06-06 17:23:47.625  INFO 14370 --- [restartedMain] ConfigServletWebServerApplicationContext : Refreshing org.springframework.boot.web.servlet.context.AnnotationConfigServletWebServerApplicationContext@3f66ae7b: startup date [Thu Jun 06 17:23:47 CST 2019]; root of context hierarchy
2019-06-06 17:23:47.958  INFO 14370 --- [restartedMain] o.s.b.w.embedded.tomcat.TomcatWebServer  : Tomcat initialized with port(s): 8080 (http)
2019-06-06 17:23:47.960  INFO 14370 --- [restartedMain] o.apache.catalina.core.StandardService   : Starting service [Tomcat]
2019-06-06 17:23:47.960  INFO 14370 --- [restartedMain] org.apache.catalina.core.StandardEngine  : Starting Servlet Engine: Apache Tomcat/8.5.34
2019-06-06 17:23:48.044  INFO 14370 --- [localhost-startStop-1] org.apache.jasper.servlet.TldScanner     : At least one JAR was scanned for TLDs yet contained no TLDs. Enable debug logging for this logger for a complete list of JARs that were scanned but no TLDs were found in them. Skipping unneeded JARs during scanning can improve startup time and JSP compilation time.
2019-06-06 17:23:48.047  INFO 14370 --- [localhost-startStop-1] o.a.c.c.C.[Tomcat].[localhost].[/]       : Initializing Spring embedded WebApplicationContext
2019-06-06 17:23:48.048  INFO 14370 --- [localhost-startStop-1] o.s.web.context.ContextLoader            : Root WebApplicationContext: initialization completed in 423 ms
2019-06-06 17:23:48.059  INFO 14370 --- [localhost-startStop-1] o.s.b.w.servlet.ServletRegistrationBean  : Servlet dispatcherServlet mapped to [/]
2019-06-06 17:23:48.060  INFO 14370 --- [localhost-startStop-1] o.s.b.w.servlet.FilterRegistrationBean   : Mapping filter: 'characterEncodingFilter' to: [/*]
2019-06-06 17:23:48.060  INFO 14370 --- [localhost-startStop-1] o.s.b.w.servlet.FilterRegistrationBean   : Mapping filter: 'hiddenHttpMethodFilter' to: [/*]
2019-06-06 17:23:48.060  INFO 14370 --- [localhost-startStop-1] o.s.b.w.servlet.FilterRegistrationBean   : Mapping filter: 'httpPutFormContentFilter' to: [/*]
2019-06-06 17:23:48.060  INFO 14370 --- [localhost-startStop-1] o.s.b.w.servlet.FilterRegistrationBean   : Mapping filter: 'requestContextFilter' to: [/*]
2019-06-06 17:23:48.140  INFO 14370 --- [restartedMain] o.s.w.s.handler.SimpleUrlHandlerMapping  : Mapped URL path [/**/favicon.ico] onto handler of type [class org.springframework.web.servlet.resource.ResourceHttpRequestHandler]
2019-06-06 17:23:48.208  INFO 14370 --- [restartedMain] s.w.s.m.m.a.RequestMappingHandlerAdapter : Looking for @ControllerAdvice: org.springframework.boot.web.servlet.context.AnnotationConfigServletWebServerApplicationContext@3f66ae7b: startup date [Thu Jun 06 17:23:47 CST 2019]; root of context hierarchy
2019-06-06 17:23:48.221  INFO 14370 --- [restartedMain] s.w.s.m.m.a.RequestMappingHandlerMapping : Mapped "{[/custom]}" onto java.lang.String com.example.demo.controller.SampleController.custom()
2019-06-06 17:23:48.221  INFO 14370 --- [restartedMain] s.w.s.m.m.a.RequestMappingHandlerMapping : Mapped "{[/test/{username}/{password}]}" onto org.springframework.web.servlet.ModelAndView com.example.demo.controller.SampleController.home(java.lang.String,java.lang.String)
2019-06-06 17:23:48.221  INFO 14370 --- [restartedMain] s.w.s.m.m.a.RequestMappingHandlerMapping : Mapped "{[/wel]}" onto java.lang.String com.example.demo.controller.SampleController.welcome()
2019-06-06 17:23:48.222  INFO 14370 --- [restartedMain] s.w.s.m.m.a.RequestMappingHandlerMapping : Mapped "{[/random]}" onto java.lang.String com.example.demo.controller.SampleController.random()
2019-06-06 17:23:48.222  INFO 14370 --- [restartedMain] s.w.s.m.m.a.RequestMappingHandlerMapping : Mapped "{[/users]}" onto public org.springframework.web.servlet.ModelAndView com.example.demo.controller.UserController.showUsers()
2019-06-06 17:23:48.224  INFO 14370 --- [restartedMain] s.w.s.m.m.a.RequestMappingHandlerMapping : Mapped "{[/error],produces=[text/html]}" onto public org.springframework.web.servlet.ModelAndView org.springframework.boot.autoconfigure.web.servlet.error.BasicErrorController.errorHtml(javax.servlet.http.HttpServletRequest,javax.servlet.http.HttpServletResponse)
2019-06-06 17:23:48.224  INFO 14370 --- [restartedMain] s.w.s.m.m.a.RequestMappingHandlerMapping : Mapped "{[/error]}" onto public org.springframework.http.ResponseEntity<java.util.Map<java.lang.String, java.lang.Object>> org.springframework.boot.autoconfigure.web.servlet.error.BasicErrorController.error(javax.servlet.http.HttpServletRequest)
2019-06-06 17:23:48.238  INFO 14370 --- [restartedMain] o.s.w.s.handler.SimpleUrlHandlerMapping  : Mapped URL path [/webjars/**] onto handler of type [class org.springframework.web.servlet.resource.ResourceHttpRequestHandler]
2019-06-06 17:23:48.238  INFO 14370 --- [restartedMain] o.s.w.s.handler.SimpleUrlHandlerMapping  : Mapped URL path [/**] onto handler of type [class org.springframework.web.servlet.resource.ResourceHttpRequestHandler]
2019-06-06 17:23:48.255  INFO 14370 --- [restartedMain] o.s.b.a.w.s.WelcomePageHandlerMapping    : Adding welcome page template: index
2019-06-06 17:23:48.326  INFO 14370 --- [restartedMain] o.s.b.d.a.OptionalLiveReloadServer       : LiveReload server is running on port 35729
2019-06-06 17:23:48.352  INFO 14370 --- [restartedMain] o.s.j.e.a.AnnotationMBeanExporter        : Registering beans for JMX exposure on startup
2019-06-06 17:23:48.353  INFO 14370 --- [restartedMain] o.s.j.e.a.AnnotationMBeanExporter        : Bean with name 'dataSource' has been autodetected for JMX exposure
2019-06-06 17:23:48.358  INFO 14370 --- [restartedMain] o.s.j.e.a.AnnotationMBeanExporter        : Located MBean 'dataSource': registering with JMX server as MBean [com.zaxxer.hikari:name=dataSource,type=HikariDataSource]
2019-06-06 17:23:48.383  INFO 14370 --- [restartedMain] o.s.b.w.embedded.tomcat.TomcatWebServer  : Tomcat started on port(s): 8080 (http) with context path ''
2019-06-06 17:23:48.384  INFO 14370 --- [restartedMain] com.example.demo.DemoApplication         : Started DemoApplication in 0.83 seconds (JVM running for 63.45)
2019-06-06 17:23:48.386  INFO 14370 --- [restartedMain] .ConditionEvaluationDeltaLoggingListener : Condition evaluation unchanged
2019-06-06 17:23:56.735  INFO 14370 --- [Thread-16] ConfigServletWebServerApplicationContext : Closing org.springframework.boot.web.servlet.context.AnnotationConfigServletWebServerApplicationContext@3f66ae7b: startup date [Thu Jun 06 17:23:47 CST 2019]; root of context hierarchy
2019-06-06 17:23:56.737  INFO 14370 --- [Thread-16] o.s.j.e.a.AnnotationMBeanExporter        : Unregistering JMX-exposed beans on shutdown
2019-06-06 17:23:56.739  INFO 14370 --- [Thread-16] o.s.j.e.a.AnnotationMBeanExporter        : Unregistering JMX-exposed beans
2019-06-06 17:23:56.966  INFO 14370 --- [restartedMain] com.example.demo.DemoApplication         : Starting DemoApplication on zhangtao with PID 14370 (/home/zhangt/workspace/JavaWorkspace/mybatisSpringBootStarterDemo/target/classes started by zhangt in /home/zhangt/workspace/JavaWorkspace/mybatisSpringBootStarterDemo)
2019-06-06 17:23:56.966  INFO 14370 --- [restartedMain] com.example.demo.DemoApplication         : No active profile set, falling back to default profiles: default
2019-06-06 17:23:56.970  INFO 14370 --- [restartedMain] ConfigServletWebServerApplicationContext : Refreshing org.springframework.boot.web.servlet.context.AnnotationConfigServletWebServerApplicationContext@362a127e: startup date [Thu Jun 06 17:23:56 CST 2019]; root of context hierarchy
2019-06-06 17:23:57.301  INFO 14370 --- [restartedMain] o.s.b.w.embedded.tomcat.TomcatWebServer  : Tomcat initialized with port(s): 8080 (http)
2019-06-06 17:23:57.303  INFO 14370 --- [restartedMain] o.apache.catalina.core.StandardService   : Starting service [Tomcat]
2019-06-06 17:23:57.303  INFO 14370 --- [restartedMain] org.apache.catalina.core.StandardEngine  : Starting Servlet Engine: Apache Tomcat/8.5.34
2019-06-06 17:23:57.372  INFO 14370 --- [localhost-startStop-1] org.apache.jasper.servlet.TldScanner     : At least one JAR was scanned for TLDs yet contained no TLDs. Enable debug logging for this logger for a complete list of JARs that were scanned but no TLDs were found in them. Skipping unneeded JARs during scanning can improve startup time and JSP compilation time.
2019-06-06 17:23:57.374  INFO 14370 --- [localhost-startStop-1] o.a.c.c.C.[Tomcat].[localhost].[/]       : Initializing Spring embedded WebApplicationContext
2019-06-06 17:23:57.375  INFO 14370 --- [localhost-startStop-1] o.s.web.context.ContextLoader            : Root WebApplicationContext: initialization completed in 404 ms
2019-06-06 17:23:57.388  INFO 14370 --- [localhost-startStop-1] o.s.b.w.servlet.ServletRegistrationBean  : Servlet dispatcherServlet mapped to [/]
2019-06-06 17:23:57.389  INFO 14370 --- [localhost-startStop-1] o.s.b.w.servlet.FilterRegistrationBean   : Mapping filter: 'characterEncodingFilter' to: [/*]
2019-06-06 17:23:57.389  INFO 14370 --- [localhost-startStop-1] o.s.b.w.servlet.FilterRegistrationBean   : Mapping filter: 'hiddenHttpMethodFilter' to: [/*]
2019-06-06 17:23:57.390  INFO 14370 --- [localhost-startStop-1] o.s.b.w.servlet.FilterRegistrationBean   : Mapping filter: 'httpPutFormContentFilter' to: [/*]
2019-06-06 17:23:57.390  INFO 14370 --- [localhost-startStop-1] o.s.b.w.servlet.FilterRegistrationBean   : Mapping filter: 'requestContextFilter' to: [/*]
2019-06-06 17:23:57.480  INFO 14370 --- [restartedMain] o.s.w.s.handler.SimpleUrlHandlerMapping  : Mapped URL path [/**/favicon.ico] onto handler of type [class org.springframework.web.servlet.resource.ResourceHttpRequestHandler]
2019-06-06 17:23:57.525  INFO 14370 --- [restartedMain] s.w.s.m.m.a.RequestMappingHandlerAdapter : Looking for @ControllerAdvice: org.springframework.boot.web.servlet.context.AnnotationConfigServletWebServerApplicationContext@362a127e: startup date [Thu Jun 06 17:23:56 CST 2019]; root of context hierarchy
2019-06-06 17:23:57.534  INFO 14370 --- [restartedMain] s.w.s.m.m.a.RequestMappingHandlerMapping : Mapped "{[/custom]}" onto java.lang.String com.example.demo.controller.SampleController.custom()
2019-06-06 17:23:57.538  INFO 14370 --- [restartedMain] s.w.s.m.m.a.RequestMappingHandlerMapping : Mapped "{[/test/{username}/{password}]}" onto org.springframework.web.servlet.ModelAndView com.example.demo.controller.SampleController.home(java.lang.String,java.lang.String)
2019-06-06 17:23:57.539  INFO 14370 --- [restartedMain] s.w.s.m.m.a.RequestMappingHandlerMapping : Mapped "{[/wel]}" onto java.lang.String com.example.demo.controller.SampleController.welcome()
2019-06-06 17:23:57.539  INFO 14370 --- [restartedMain] s.w.s.m.m.a.RequestMappingHandlerMapping : Mapped "{[/random]}" onto java.lang.String com.example.demo.controller.SampleController.random()
2019-06-06 17:23:57.539  INFO 14370 --- [restartedMain] s.w.s.m.m.a.RequestMappingHandlerMapping : Mapped "{[/users]}" onto public org.springframework.web.servlet.ModelAndView com.example.demo.controller.UserController.showUsers()
2019-06-06 17:23:57.541  INFO 14370 --- [restartedMain] s.w.s.m.m.a.RequestMappingHandlerMapping : Mapped "{[/error],produces=[text/html]}" onto public org.springframework.web.servlet.ModelAndView org.springframework.boot.autoconfigure.web.servlet.error.BasicErrorController.errorHtml(javax.servlet.http.HttpServletRequest,javax.servlet.http.HttpServletResponse)
2019-06-06 17:23:57.541  INFO 14370 --- [restartedMain] s.w.s.m.m.a.RequestMappingHandlerMapping : Mapped "{[/error]}" onto public org.springframework.http.ResponseEntity<java.util.Map<java.lang.String, java.lang.Object>> org.springframework.boot.autoconfigure.web.servlet.error.BasicErrorController.error(javax.servlet.http.HttpServletRequest)
2019-06-06 17:23:57.550  INFO 14370 --- [restartedMain] o.s.w.s.handler.SimpleUrlHandlerMapping  : Mapped URL path [/webjars/**] onto handler of type [class org.springframework.web.servlet.resource.ResourceHttpRequestHandler]
2019-06-06 17:23:57.550  INFO 14370 --- [restartedMain] o.s.w.s.handler.SimpleUrlHandlerMapping  : Mapped URL path [/**] onto handler of type [class org.springframework.web.servlet.resource.ResourceHttpRequestHandler]
2019-06-06 17:23:57.568  INFO 14370 --- [restartedMain] o.s.b.a.w.s.WelcomePageHandlerMapping    : Adding welcome page template: index
2019-06-06 17:23:57.620  INFO 14370 --- [restartedMain] o.s.b.d.a.OptionalLiveReloadServer       : LiveReload server is running on port 35729
2019-06-06 17:23:57.631  INFO 14370 --- [restartedMain] o.s.j.e.a.AnnotationMBeanExporter        : Registering beans for JMX exposure on startup
2019-06-06 17:23:57.632  INFO 14370 --- [restartedMain] o.s.j.e.a.AnnotationMBeanExporter        : Bean with name 'dataSource' has been autodetected for JMX exposure
2019-06-06 17:23:57.634  INFO 14370 --- [restartedMain] o.s.j.e.a.AnnotationMBeanExporter        : Located MBean 'dataSource': registering with JMX server as MBean [com.zaxxer.hikari:name=dataSource,type=HikariDataSource]
2019-06-06 17:23:57.655  INFO 14370 --- [restartedMain] o.s.b.w.embedded.tomcat.TomcatWebServer  : Tomcat started on port(s): 8080 (http) with context path ''
2019-06-06 17:23:57.656  INFO 14370 --- [restartedMain] com.example.demo.DemoApplication         : Started DemoApplication in 0.743 seconds (JVM running for 72.722)
2019-06-06 17:23:57.659  INFO 14370 --- [restartedMain] .ConditionEvaluationDeltaLoggingListener : Condition evaluation unchanged
2019-06-06 17:24:05.031  INFO 14370 --- [Thread-22] ConfigServletWebServerApplicationContext : Closing org.springframework.boot.web.servlet.context.AnnotationConfigServletWebServerApplicationContext@362a127e: startup date [Thu Jun 06 17:23:56 CST 2019]; root of context hierarchy
2019-06-06 17:24:05.033  INFO 14370 --- [Thread-22] o.s.j.e.a.AnnotationMBeanExporter        : Unregistering JMX-exposed beans on shutdown
2019-06-06 17:24:05.034  INFO 14370 --- [Thread-22] o.s.j.e.a.AnnotationMBeanExporter        : Unregistering JMX-exposed beans
2019-06-06 17:24:05.221  INFO 14370 --- [restartedMain] com.example.demo.DemoApplication         : Starting DemoApplication on zhangtao with PID 14370 (/home/zhangt/workspace/JavaWorkspace/mybatisSpringBootStarterDemo/target/classes started by zhangt in /home/zhangt/workspace/JavaWorkspace/mybatisSpringBootStarterDemo)
2019-06-06 17:24:05.222  INFO 14370 --- [restartedMain] com.example.demo.DemoApplication         : No active profile set, falling back to default profiles: default
2019-06-06 17:24:05.225  INFO 14370 --- [restartedMain] ConfigServletWebServerApplicationContext : Refreshing org.springframework.boot.web.servlet.context.AnnotationConfigServletWebServerApplicationContext@2f5fd4b7: startup date [Thu Jun 06 17:24:05 CST 2019]; root of context hierarchy
2019-06-06 17:24:05.548  INFO 14370 --- [restartedMain] o.s.b.w.embedded.tomcat.TomcatWebServer  : Tomcat initialized with port(s): 8080 (http)
2019-06-06 17:24:05.550  INFO 14370 --- [restartedMain] o.apache.catalina.core.StandardService   : Starting service [Tomcat]
2019-06-06 17:24:05.550  INFO 14370 --- [restartedMain] org.apache.catalina.core.StandardEngine  : Starting Servlet Engine: Apache Tomcat/8.5.34
2019-06-06 17:24:05.657  INFO 14370 --- [localhost-startStop-1] org.apache.jasper.servlet.TldScanner     : At least one JAR was scanned for TLDs yet contained no TLDs. Enable debug logging for this logger for a complete list of JARs that were scanned but no TLDs were found in them. Skipping unneeded JARs during scanning can improve startup time and JSP compilation time.
2019-06-06 17:24:05.659  INFO 14370 --- [localhost-startStop-1] o.a.c.c.C.[Tomcat].[localhost].[/]       : Initializing Spring embedded WebApplicationContext
2019-06-06 17:24:05.660  INFO 14370 --- [localhost-startStop-1] o.s.web.context.ContextLoader            : Root WebApplicationContext: initialization completed in 435 ms
2019-06-06 17:24:05.671  INFO 14370 --- [localhost-startStop-1] o.s.b.w.servlet.ServletRegistrationBean  : Servlet dispatcherServlet mapped to [/]
2019-06-06 17:24:05.673  INFO 14370 --- [localhost-startStop-1] o.s.b.w.servlet.FilterRegistrationBean   : Mapping filter: 'characterEncodingFilter' to: [/*]
2019-06-06 17:24:05.673  INFO 14370 --- [localhost-startStop-1] o.s.b.w.servlet.FilterRegistrationBean   : Mapping filter: 'hiddenHttpMethodFilter' to: [/*]
2019-06-06 17:24:05.673  INFO 14370 --- [localhost-startStop-1] o.s.b.w.servlet.FilterRegistrationBean   : Mapping filter: 'httpPutFormContentFilter' to: [/*]
2019-06-06 17:24:05.673  INFO 14370 --- [localhost-startStop-1] o.s.b.w.servlet.FilterRegistrationBean   : Mapping filter: 'requestContextFilter' to: [/*]
2019-06-06 17:24:05.770  INFO 14370 --- [restartedMain] o.s.w.s.handler.SimpleUrlHandlerMapping  : Mapped URL path [/**/favicon.ico] onto handler of type [class org.springframework.web.servlet.resource.ResourceHttpRequestHandler]
2019-06-06 17:24:05.818  INFO 14370 --- [restartedMain] s.w.s.m.m.a.RequestMappingHandlerAdapter : Looking for @ControllerAdvice: org.springframework.boot.web.servlet.context.AnnotationConfigServletWebServerApplicationContext@2f5fd4b7: startup date [Thu Jun 06 17:24:05 CST 2019]; root of context hierarchy
2019-06-06 17:24:05.825  INFO 14370 --- [restartedMain] s.w.s.m.m.a.RequestMappingHandlerMapping : Mapped "{[/custom]}" onto java.lang.String com.example.demo.controller.SampleController.custom()
2019-06-06 17:24:05.825  INFO 14370 --- [restartedMain] s.w.s.m.m.a.RequestMappingHandlerMapping : Mapped "{[/{username}/{password}]}" onto org.springframework.web.servlet.ModelAndView com.example.demo.controller.SampleController.home(java.lang.String,java.lang.String)
2019-06-06 17:24:05.825  INFO 14370 --- [restartedMain] s.w.s.m.m.a.RequestMappingHandlerMapping : Mapped "{[/wel]}" onto java.lang.String com.example.demo.controller.SampleController.welcome()
2019-06-06 17:24:05.825  INFO 14370 --- [restartedMain] s.w.s.m.m.a.RequestMappingHandlerMapping : Mapped "{[/random]}" onto java.lang.String com.example.demo.controller.SampleController.random()
2019-06-06 17:24:05.825  INFO 14370 --- [restartedMain] s.w.s.m.m.a.RequestMappingHandlerMapping : Mapped "{[/users]}" onto public org.springframework.web.servlet.ModelAndView com.example.demo.controller.UserController.showUsers()
2019-06-06 17:24:05.827  INFO 14370 --- [restartedMain] s.w.s.m.m.a.RequestMappingHandlerMapping : Mapped "{[/error],produces=[text/html]}" onto public org.springframework.web.servlet.ModelAndView org.springframework.boot.autoconfigure.web.servlet.error.BasicErrorController.errorHtml(javax.servlet.http.HttpServletRequest,javax.servlet.http.HttpServletResponse)
2019-06-06 17:24:05.828  INFO 14370 --- [restartedMain] s.w.s.m.m.a.RequestMappingHandlerMapping : Mapped "{[/error]}" onto public org.springframework.http.ResponseEntity<java.util.Map<java.lang.String, java.lang.Object>> org.springframework.boot.autoconfigure.web.servlet.error.BasicErrorController.error(javax.servlet.http.HttpServletRequest)
2019-06-06 17:24:05.836  INFO 14370 --- [restartedMain] o.s.w.s.handler.SimpleUrlHandlerMapping  : Mapped URL path [/webjars/**] onto handler of type [class org.springframework.web.servlet.resource.ResourceHttpRequestHandler]
2019-06-06 17:24:05.836  INFO 14370 --- [restartedMain] o.s.w.s.handler.SimpleUrlHandlerMapping  : Mapped URL path [/**] onto handler of type [class org.springframework.web.servlet.resource.ResourceHttpRequestHandler]
2019-06-06 17:24:05.852  INFO 14370 --- [restartedMain] o.s.b.a.w.s.WelcomePageHandlerMapping    : Adding welcome page template: index
2019-06-06 17:24:05.892  INFO 14370 --- [restartedMain] o.s.b.d.a.OptionalLiveReloadServer       : LiveReload server is running on port 35729
2019-06-06 17:24:05.906  INFO 14370 --- [restartedMain] o.s.j.e.a.AnnotationMBeanExporter        : Registering beans for JMX exposure on startup
2019-06-06 17:24:05.907  INFO 14370 --- [restartedMain] o.s.j.e.a.AnnotationMBeanExporter        : Bean with name 'dataSource' has been autodetected for JMX exposure
2019-06-06 17:24:05.909  INFO 14370 --- [restartedMain] o.s.j.e.a.AnnotationMBeanExporter        : Located MBean 'dataSource': registering with JMX server as MBean [com.zaxxer.hikari:name=dataSource,type=HikariDataSource]
2019-06-06 17:24:05.924  INFO 14370 --- [restartedMain] o.s.b.w.embedded.tomcat.TomcatWebServer  : Tomcat started on port(s): 8080 (http) with context path ''
2019-06-06 17:24:05.925  INFO 14370 --- [restartedMain] com.example.demo.DemoApplication         : Started DemoApplication in 0.754 seconds (JVM running for 80.99)
2019-06-06 17:24:05.927  INFO 14370 --- [restartedMain] .ConditionEvaluationDeltaLoggingListener : Condition evaluation unchanged
2019-06-06 17:24:15.230  INFO 14370 --- [http-nio-8080-exec-2] o.a.c.c.C.[Tomcat].[localhost].[/]       : Initializing Spring FrameworkServlet 'dispatcherServlet'
2019-06-06 17:24:15.231  INFO 14370 --- [http-nio-8080-exec-2] o.s.web.servlet.DispatcherServlet        : FrameworkServlet 'dispatcherServlet': initialization started
2019-06-06 17:24:15.238  INFO 14370 --- [http-nio-8080-exec-2] o.s.web.servlet.DispatcherServlet        : FrameworkServlet 'dispatcherServlet': initialization completed in 7 ms
2019-06-06 17:54:24.530  INFO 14370 --- [Thread-33] ConfigServletWebServerApplicationContext : Closing org.springframework.boot.web.servlet.context.AnnotationConfigServletWebServerApplicationContext@2f5fd4b7: startup date [Thu Jun 06 17:24:05 CST 2019]; root of context hierarchy
2019-06-06 17:54:24.552  INFO 14370 --- [Thread-33] o.s.j.e.a.AnnotationMBeanExporter        : Unregistering JMX-exposed beans on shutdown
2019-06-06 17:54:24.553  INFO 14370 --- [Thread-33] o.s.j.e.a.AnnotationMBeanExporter        : Unregistering JMX-exposed beans
